<?xml version="1.0" encoding="UTF-8"?><testsuite errors="1" failures="0" name="uTest Join Today" skipped="0" tests="1" time="1.51" timestamp="2022-10-11 10:33:52"><testcase name="Diligenciar registro de formulario"><error message="Could not instantiate class org.openqa.selenium.firefox.FirefoxDriver" type="net.thucydides.core.webdriver.DriverConfigurationError">Could not instantiate class org.openqa.selenium.firefox.FirefoxDriver</error><system-err>Could not instantiate class org.openqa.selenium.firefox.FirefoxDriver&#13;
tasks.OpenUp.performAs(OpenUp.java:16)&#13;
stepdefinitions.uTestStepDefinitions.usuarioDanielIngresaAUTestParaRegistrarseComoNuevoUsuario(uTestStepDefinitions.java:20)&#13;
cucumber.runner.Runner.runPickle(Runner.java:80)&#13;
worker.org.gradle.process.internal.worker.GradleWorkerMain.run(GradleWorkerMain.java:69)&#13;
worker.org.gradle.process.internal.worker.GradleWorkerMain.main(GradleWorkerMain.java:74)&#13;
</system-err></testcase></testsuite>